生成启动时间为 2017/5/20 11:05:01。
     1>项目“G:\c语言程序\BinarySearchTree\BinarySearchTree\BinarySearchTree.vcxproj”在节点 2 上(build 个目标)。
     1>InitializeBuildStatus:
         正在创建“Debug\BinarySearchTree.unsuccessfulbuild”，因为已指定“AlwaysCreate”。
       ClCompile:
         C:\Program Files (x86)\Microsoft Visual Studio 10.0\VC\bin\CL.exe /c /ZI /nologo /W3 /WX- /Od /Oy- /D _MBCS /Gm /EHsc /RTC1 /MDd /GS /fp:precise /Zc:wchar_t /Zc:forScope /Fo"Debug\\" /Fd"Debug\vc100.pdb" /Gd /TP /analyze- /errorReport:prompt BinarySearchTree.cpp
         BinarySearchTree.cpp
     1>g:\c语言程序\binarysearchtree\binarysearchtree\binarysearchtree.h(114): warning C4715: “BinarySearchTree<int,int>::Insert_Nor”: 不是所有的控件路径都返回值
     1>g:\c语言程序\binarysearchtree\binarysearchtree\binarysearchtree.h(231): warning C4715: “BinarySearchTree<int,int>::Remove_Nor”: 不是所有的控件路径都返回值
     1>g:\c语言程序\binarysearchtree\binarysearchtree\binarysearchtree.h(349): warning C4715: “BinarySearchTree<int,int>::_Remove”: 不是所有的控件路径都返回值
       Link:
         C:\Program Files (x86)\Microsoft Visual Studio 10.0\VC\bin\link.exe /ERRORREPORT:PROMPT /OUT:"G:\c语言程序\BinarySearchTree\Debug\BinarySearchTree.exe" /NOLOGO kernel32.lib user32.lib gdi32.lib winspool.lib comdlg32.lib advapi32.lib shell32.lib ole32.lib oleaut32.lib uuid.lib odbc32.lib odbccp32.lib /MANIFEST /ManifestFile:"Debug\BinarySearchTree.exe.intermediate.manifest" /MANIFESTUAC:"level='asInvoker' uiAccess='false'" /DEBUG /PDB:"G:\c语言程序\BinarySearchTree\Debug\BinarySearchTree.pdb" /TLBID:1 /DYNAMICBASE /NXCOMPAT /IMPLIB:"G:\c语言程序\BinarySearchTree\Debug\BinarySearchTree.lib" /MACHINE:X86 Debug\BinarySearchTree.obj
         LINK : 没有找到 G:\c语言程序\BinarySearchTree\Debug\BinarySearchTree.exe 或上一个增量链接没有生成它；正在执行完全链接
         BinarySearchTree.vcxproj -> G:\c语言程序\BinarySearchTree\Debug\BinarySearchTree.exe
       Manifest:
         C:\Program Files (x86)\Microsoft SDKs\Windows\v7.0A\bin\mt.exe /nologo /verbose /outputresource:"G:\c语言程序\BinarySearchTree\Debug\BinarySearchTree.exe;#1" /manifest Debug\BinarySearchTree.exe.intermediate.manifest
       FinalizeBuildStatus:
         正在删除文件“Debug\BinarySearchTree.unsuccessfulbuild”。
         正在对“Debug\BinarySearchTree.lastbuildstate”执行 Touch 任务。
     1>已完成生成项目“G:\c语言程序\BinarySearchTree\BinarySearchTree\BinarySearchTree.vcxproj”(build 个目标)的操作。

生成成功。

已用时间 00:00:00.86
